Running: fuse.exe -relaunch -intstyle "ise" -incremental -o "Y:/Documents/UNI/CAD/CA3/CA3/neuron_tb_isim_beh.exe" -prj "Y:/Documents/UNI/CAD/CA3/CA3/neuron_tb_beh.prj" "work.neuron_tb" 
ISim P.20131013 (signature 0x7708f090)
Number of CPUs detected in this system: 4
Turning on mult-threading, number of parallel sub-compilation jobs: 8 
Determining compilation order of HDL files
Parsing VHDL file "Y:/Documents/UNI/CAD/CA3/CA3/select_input.vhd" into library work
Parsing VHDL file "Y:/Documents/UNI/CAD/CA3/CA3/multiplier.vhd" into library work
Parsing VHDL file "Y:/Documents/UNI/CAD/CA3/CA3/adder.vhd" into library work
Parsing VHDL file "Y:/Documents/UNI/CAD/CA3/CA3/activation.vhd" into library work
Parsing VHDL file "Y:/Documents/UNI/CAD/CA3/CA3/accumulator.vhd" into library work
Parsing VHDL file "Y:/Documents/UNI/CAD/CA3/CA3/neuron_dp.vhd" into library work
Parsing VHDL file "Y:/Documents/UNI/CAD/CA3/CA3/neuron_controlle.vhd" into library work
Parsing VHDL file "Y:/Documents/UNI/CAD/CA3/CA3/neuron.vhd" into library work
Parsing VHDL file "Y:/Documents/UNI/CAD/CA3/CA3/neuron_tb.vhd" into library work
Starting static elaboration
Completed static elaboration
Compiling package standard
Compiling package std_logic_1164
Compiling package numeric_std
Compiling architecture behavioral of entity neuron_controller [\neuron_controller(15,0,15,0)\]
Compiling architecture behavioral of entity select_input [\select_input(47,0,47,0,15,0)\]
Compiling architecture behavioral of entity multiplier [multiplier_default]
Compiling architecture behavioral of entity adder [adder_default]
Compiling architecture behavioral of entity accumulator [accumulator_default]
Compiling architecture behavioral of entity activation_function [activation_function_default]
Compiling architecture behavioral of entity neuron_dp [\neuron_dp(47,0,47,0,15,0)\]
Compiling architecture behavioral of entity neuron [\neuron(47,0,47,0)\]
Compiling architecture behavior of entity neuron_tb
Time Resolution for simulation is 1ps.
Waiting for 1 sub-compilation(s) to finish...
Compiled 20 VHDL Units
Built simulation executable Y:/Documents/UNI/CAD/CA3/CA3/neuron_tb_isim_beh.exe
Fuse Memory Usage: 35260 KB
Fuse CPU Usage: 640 ms
